{"/Users/admin/Desktop/General-Assembly/Week-7/Day-3/testing/app.js":{"path":"/Users/admin/Desktop/General-Assembly/Week-7/Day-3/testing/app.js","s":{"1":1,"2":1,"3":1,"4":1,"5":1,"6":1,"7":1,"8":0,"9":1,"10":1,"11":1,"12":1,"13":1,"14":1,"15":1,"16":0,"17":1},"b":{"1":[1,1]},"f":{},"fnMap":{},"statementMap":{"1":{"start":{"line":1,"column":0},"end":{"line":1,"column":34}},"2":{"start":{"line":2,"column":0},"end":{"line":2,"column":21}},"3":{"start":{"line":3,"column":0},"end":{"line":3,"column":37}},"4":{"start":{"line":4,"column":0},"end":{"line":4,"column":32}},"5":{"start":{"line":5,"column":0},"end":{"line":5,"column":41}},"6":{"start":{"line":6,"column":0},"end":{"line":6,"column":41}},"7":{"start":{"line":8,"column":0},"end":{"line":10,"column":2}},"8":{"start":{"line":9,"column":2},"end":{"line":9,"column":42}},"9":{"start":{"line":13,"column":0},"end":{"line":13,"column":26}},"10":{"start":{"line":14,"column":0},"end":{"line":16,"column":3}},"11":{"start":{"line":17,"column":0},"end":{"line":17,"column":20}},"12":{"start":{"line":18,"column":0},"end":{"line":18,"column":22}},"13":{"start":{"line":21,"column":0},"end":{"line":21,"column":27}},"14":{"start":{"line":22,"column":0},"end":{"line":22,"column":29}},"15":{"start":{"line":24,"column":0},"end":{"line":26,"column":3}},"16":{"start":{"line":25,"column":2},"end":{"line":25,"column":46}},"17":{"start":{"line":28,"column":0},"end":{"line":28,"column":20}}},"branchMap":{"1":{"line":3,"type":"binary-expr","locations":[{"start":{"line":3,"column":13},"end":{"line":3,"column":29}},{"start":{"line":3,"column":33},"end":{"line":3,"column":37}}]}}},"/Users/admin/Desktop/General-Assembly/Week-7/Day-3/testing/config/routes.js":{"path":"/Users/admin/Desktop/General-Assembly/Week-7/Day-3/testing/config/routes.js","s":{"1":1,"2":1,"3":1,"4":1,"5":0,"6":0,"7":0,"8":1,"9":0,"10":1,"11":0,"12":1,"13":0,"14":0,"15":0,"16":0,"17":1,"18":0,"19":0,"20":0,"21":0,"22":1,"23":0,"24":0,"25":1},"b":{},"f":{},"fnMap":{},"statementMap":{"1":{"start":{"line":1,"column":0},"end":{"line":1,"column":34}},"2":{"start":{"line":2,"column":0},"end":{"line":2,"column":31}},"3":{"start":{"line":4,"column":0},"end":{"line":7,"column":46}},"4":{"start":{"line":9,"column":0},"end":{"line":13,"column":2}},"5":{"start":{"line":10,"column":2},"end":{"line":10,"column":48}},"6":{"start":{"line":11,"column":2},"end":{"line":11,"column":94}},"7":{"start":{"line":12,"column":2},"end":{"line":12,"column":8}},"8":{"start":{"line":16,"column":0},"end":{"line":18,"column":2}},"9":{"start":{"line":17,"column":2},"end":{"line":17,"column":27}},"10":{"start":{"line":21,"column":0},"end":{"line":23,"column":2}},"11":{"start":{"line":22,"column":2},"end":{"line":22,"column":46}},"12":{"start":{"line":26,"column":0},"end":{"line":42,"column":2}},"13":{"start":{"line":27,"column":2},"end":{"line":27,"column":18}},"14":{"start":{"line":28,"column":2},"end":{"line":33,"column":4}},"15":{"start":{"line":35,"column":2},"end":{"line":39,"column":3}},"16":{"start":{"line":41,"column":2},"end":{"line":41,"column":20}},"17":{"start":{"line":45,"column":0},"end":{"line":50,"column":2}},"18":{"start":{"line":46,"column":2},"end":{"line":46,"column":41}},"19":{"start":{"line":47,"column":2},"end":{"line":47,"column":45}},"20":{"start":{"line":48,"column":2},"end":{"line":48,"column":47}},"21":{"start":{"line":49,"column":2},"end":{"line":49,"column":91}},"22":{"start":{"line":53,"column":0},"end":{"line":56,"column":2}},"23":{"start":{"line":54,"column":2},"end":{"line":54,"column":67}},"24":{"start":{"line":55,"column":2},"end":{"line":55,"column":34}},"25":{"start":{"line":57,"column":0},"end":{"line":57,"column":23}}},"branchMap":{}}}