TN:
SF:/Users/admin/Desktop/General-Assembly/Week-7/Day-3/testing/app.js
FNF:0
FNH:0
DA:1,1
DA:2,1
DA:3,1
DA:4,1
DA:5,1
DA:6,1
DA:8,1
DA:9,0
DA:13,1
DA:14,1
DA:17,1
DA:18,1
DA:21,1
DA:22,1
DA:24,1
DA:25,0
DA:28,1
LF:17
LH:15
BRDA:3,1,0,1
BRDA:3,1,1,1
BRF:2
BRH:2
end_of_record
TN:
SF:/Users/admin/Desktop/General-Assembly/Week-7/Day-3/testing/config/routes.js
FNF:0
FNH:0
DA:1,1
DA:2,1
DA:4,1
DA:9,1
DA:10,0
DA:11,0
DA:12,0
DA:16,1
DA:17,0
DA:21,1
DA:22,0
DA:26,1
DA:27,0
DA:28,0
DA:35,0
DA:41,0
DA:45,1
DA:46,0
DA:47,0
DA:48,0
DA:49,0
DA:53,1
DA:54,0
DA:55,0
DA:57,1
LF:25
LH:10
BRF:0
BRH:0
end_of_record
